2022-08-15T03:48:33.834Z - log: [Package] menu@1.0.0 enable
2022-08-15T03:48:33.837Z - log: [Package] profile@1.0.0 enable
2022-08-15T03:48:33.849Z - log: [Package] project@1.0.2 enable
2022-08-15T03:48:33.854Z - log: [Package] messages@1.0.0 enable
2022-08-15T03:48:33.859Z - log: [Package] program@1.0.0 enable
2022-08-15T03:48:33.867Z - log: [Package] tester@1.0.0 enable
2022-08-15T03:48:33.872Z - log: [Package] preferences@1.0.0 enable
2022-08-15T03:48:34.269Z - log: Setup mods mgr.: 161.571ms
2022-08-15T03:48:34.327Z - verbose: [Engine] QuickCompile engine (413ms)
2022-08-15T03:48:34.328Z - log: [Package] engine@1.0.6 enable
2022-08-15T03:48:34.877Z - log: [Package] programming@1.0.0 enable
2022-08-15T03:48:35.156Z - log: [Package] device@1.0.1 enable
2022-08-15T03:48:35.179Z - log: [Package] ui-kit@1.0.1 enable
2022-08-15T03:48:35.202Z - log: [Package] engine-extends@1.0.0 enable
2022-08-15T03:48:35.253Z - log: [Package] asset-db@1.0.0 enable
2022-08-15T03:48:35.287Z - log: [Package] scene@1.0.0 enable
2022-08-15T03:48:35.400Z - log: [Package] server@1.0.0 enable
2022-08-15T03:48:35.424Z - log: [Package] utils@1.0.0 enable
2022-08-15T03:48:37.554Z - log: [Package] preview@1.0.1 enable
2022-08-15T03:48:37.580Z - log: [Package] animator@1.0.0 enable
2022-08-15T03:48:38.200Z - log: Profile changed: builder (log.level: 4)
2022-08-15T03:48:38.212Z - log: [Package] builder@1.3.2 enable
2022-08-15T03:48:38.251Z - log: [Package] shortcuts@1.0.1 enable
2022-08-15T03:48:38.279Z - log: [Package] animation-graph@1.0.0 enable
2022-08-15T03:48:38.303Z - log: [Package] runtime-dev-tools@1.0.0 enable
2022-08-15T03:48:38.327Z - log: [Package] channel-upload-tools@1.0.0 enable
2022-08-15T03:48:38.355Z - log: [Package] about@1.0.0 enable
2022-08-15T03:48:38.386Z - log: [Package] assets@1.0.0 enable
2022-08-15T03:48:38.416Z - log: [Package] console@1.0.0 enable
2022-08-15T03:48:38.535Z - log: [Package] extension@3.0.16 enable
2022-08-15T03:48:38.564Z - log: [Package] hierarchy@1.0.0 enable
2022-08-15T03:48:38.593Z - log: [Package] inspector@1.0.0 enable
2022-08-15T03:48:38.622Z - log: [Package] lightmap@1.0.4 enable
2022-08-15T03:48:38.654Z - log: [Package] node-library@1.0.1 enable
2022-08-15T03:48:38.681Z - log: [Package] package-asset@1.0.0 enable
2022-08-15T03:48:38.710Z - log: [Package] process@1.0.0 enable
2022-08-15T03:48:38.739Z - log: [Package] reference-image@1.0.0 enable
2022-08-15T03:48:38.760Z - log: [Package] alipay-mini-game@1.0.0 enable
2022-08-15T03:48:38.784Z - log: [Package] android@1.0.0 enable
2022-08-15T03:48:38.809Z - log: [Package] baidu-mini-game@1.0.0 enable
2022-08-15T03:48:38.835Z - log: [Package] bytedance-mini-game@1.0.1 enable
2022-08-15T03:48:38.862Z - log: [Package] cocos-play@1.0.0 enable
2022-08-15T03:48:38.893Z - log: [Package] huawei-agc@1.0.0 enable
2022-08-15T03:48:38.917Z - log: [Package] huawei-quick-game@1.0.0 enable
2022-08-15T03:48:39.107Z - log: [Package] ios@1.0.0 enable
2022-08-15T03:48:39.134Z - log: [Package] ios-app-clip@1.0.0 enable
2022-08-15T03:48:39.160Z - log: [Package] link-sure@1.0.0 enable
2022-08-15T03:48:39.187Z - log: [Package] linux@1.0.0 enable
2022-08-15T03:48:39.209Z - log: [Package] mac@1.0.0 enable
2022-08-15T03:48:39.284Z - log: [Package] native@1.0.0 enable
2022-08-15T03:48:39.312Z - log: [Package] ohos@1.0.0 enable
2022-08-15T03:48:39.334Z - log: [Package] open-harmonyos@1.0.0 enable
2022-08-15T03:48:39.360Z - log: [Package] oppo-mini-game@1.0.0 enable
2022-08-15T03:48:39.384Z - log: [Package] qtt@1.0.0 enable
2022-08-15T03:48:39.410Z - log: [Package] vivo-mini-game@1.0.0 enable
2022-08-15T03:48:39.443Z - log: [Package] web-desktop@1.0.0 enable
2022-08-15T03:48:39.457Z - verbose: [AssetDB] Require engine code (1470ms)
2022-08-15T03:48:39.474Z - log: [Package] web-mobile@1.0.0 enable
2022-08-15T03:48:39.505Z - log: [Package] wechatgame@1.0.1 enable
2022-08-15T03:48:39.531Z - log: [Package] windows@1.0.0 enable
2022-08-15T03:48:39.556Z - log: [Package] xiaomi-quick-game@1.0.0 enable
2022-08-15T03:48:39.725Z - log: [Package] cocos-service@3.0.3 enable
2022-08-15T03:48:39.758Z - log: [Package] importer@1.0.0 enable
2022-08-15T03:48:39.928Z - log: [Im-plugin] Check im-plugin version.
2022-08-15T03:48:39.937Z - log: [Package] im-plugin@3.0.8 enable
2022-08-15T03:48:43.046Z - log: [Im-plugin] No online info of im-plugin.
2022-08-15T03:48:44.610Z - verbose: [Scene] Require engine code (1ms)
2022-08-15T03:48:44.610Z - verbose: [Scene] Startup engine (0ms)
2022-08-15T03:48:44.641Z - log: [Scene] Cocos Creator v3.5.2
2022-08-15T03:48:45.102Z - verbose: [Scene] Open engine (492ms)
2022-08-15T03:48:45.103Z - verbose: [Scene] Configure engine (0ms)
2022-08-15T03:48:45.008Z - info: [Scene] Forward render pipeline initialized.
2022-08-15T03:48:59.557Z - error: [Asset DB] /Users/sftc/Documents/JacobZha/hobbys/CocosCode/BBTanByCocosCreator/NewProject/library/1b/1baf0fc9-befa-459c-8bdd-af1a450a0319.json: ENOENT: no such file or directory, open '/Users/sftc/Documents/JacobZha/hobbys/CocosCode/BBTanByCocosCreator/NewProject/library/1b/1baf0fc9-befa-459c-8bdd-af1a450a0319.json'Error: /Users/sftc/Documents/JacobZha/hobbys/CocosCode/BBTanByCocosCreator/NewProject/library/1b/1baf0fc9-befa-459c-8bdd-af1a450a0319.json: ENOENT: no such file or directory, open '/Users/sftc/Documents/JacobZha/hobbys/CocosCode/BBTanByCocosCreator/NewProject/library/1b/1baf0fc9-befa-459c-8bdd-af1a450a0319.json'
    at Object.openSync (fs.js:476:3)
    at Object.func [as openSync] (electron/js2c/asar_bundle.js:5:1846)
    at Object.readFileSync (fs.js:377:35)
    at Object.e.readFileSync (electron/js2c/asar_bundle.js:5:8872)
    at Object.readFileSync (/Applications/CocosCreator/Creator/3.5.2/CocosCreator.app/Contents/Resources/app.asar/node_modules/jsonfile/index.js:61:22)
    at Object.upgradeProperties (/Applications/CocosCreator/Creator/3.5.2/CocosCreator.app/Contents/Resources/app.asar/modules/engine-extensions/extensions/engine-extends/dist/importer/importers/utils/material-upgrader.ccc:1:1795)
    at async MaterialImporter.import (/Applications/CocosCreator/Creator/3.5.2/CocosCreator.app/Contents/Resources/app.asar/modules/engine-extensions/extensions/engine-extends/dist/importer/importers/material.ccc:1:701)
    at async ImportTask.importAsset (/Applications/CocosCreator/Creator/3.5.2/CocosCreator.app/Contents/Resources/app.asar/node_modules/@editor/asset-db/libs/task.ccc:1:2311)
    at async ImportTask.exec (/Applications/CocosCreator/Creator/3.5.2/CocosCreator.app/Contents/Resources/app.asar/node_modules/@editor/asset-db/libs/task.ccc:1:596)
    at async ParallelQueue._generate (/Applications/CocosCreator/Creator/3.5.2/CocosCreator.app/Contents/Resources/app.asar/node_modules/@editor/asset-db/libs/asset-db.ccc:1:2730)
2022-08-15T03:48:59.558Z - error: [Asset DB] /Users/sftc/Documents/JacobZha/hobbys/CocosCode/BBTanByCocosCreator/NewProject/library/1b/1baf0fc9-befa-459c-8bdd-af1a450a0319.json: ENOENT: no such file or directory, open '/Users/sftc/Documents/JacobZha/hobbys/CocosCode/BBTanByCocosCreator/NewProject/library/1b/1baf0fc9-befa-459c-8bdd-af1a450a0319.json'Error: /Users/sftc/Documents/JacobZha/hobbys/CocosCode/BBTanByCocosCreator/NewProject/library/1b/1baf0fc9-befa-459c-8bdd-af1a450a0319.json: ENOENT: no such file or directory, open '/Users/sftc/Documents/JacobZha/hobbys/CocosCode/BBTanByCocosCreator/NewProject/library/1b/1baf0fc9-befa-459c-8bdd-af1a450a0319.json'
    at Object.openSync (fs.js:476:3)
    at Object.func [as openSync] (electron/js2c/asar_bundle.js:5:1846)
    at Object.readFileSync (fs.js:377:35)
    at Object.e.readFileSync (electron/js2c/asar_bundle.js:5:8872)
    at Object.readFileSync (/Applications/CocosCreator/Creator/3.5.2/CocosCreator.app/Contents/Resources/app.asar/node_modules/jsonfile/index.js:61:22)
    at Object.upgradeProperties (/Applications/CocosCreator/Creator/3.5.2/CocosCreator.app/Contents/Resources/app.asar/modules/engine-extensions/extensions/engine-extends/dist/importer/importers/utils/material-upgrader.ccc:1:1795)
    at async MaterialImporter.import (/Applications/CocosCreator/Creator/3.5.2/CocosCreator.app/Contents/Resources/app.asar/modules/engine-extensions/extensions/engine-extends/dist/importer/importers/material.ccc:1:701)
    at async ImportTask.importAsset (/Applications/CocosCreator/Creator/3.5.2/CocosCreator.app/Contents/Resources/app.asar/node_modules/@editor/asset-db/libs/task.ccc:1:2311)
    at async ImportTask.exec (/Applications/CocosCreator/Creator/3.5.2/CocosCreator.app/Contents/Resources/app.asar/node_modules/@editor/asset-db/libs/task.ccc:1:596)
    at async ParallelQueue._generate (/Applications/CocosCreator/Creator/3.5.2/CocosCreator.app/Contents/Resources/app.asar/node_modules/@editor/asset-db/libs/asset-db.ccc:1:2730)
2022-08-15T03:48:59.559Z - error: [Asset DB] /Users/sftc/Documents/JacobZha/hobbys/CocosCode/BBTanByCocosCreator/NewProject/library/d1/d1346436-ac96-4271-b863-1f4fdead95b0.json: ENOENT: no such file or directory, open '/Users/sftc/Documents/JacobZha/hobbys/CocosCode/BBTanByCocosCreator/NewProject/library/d1/d1346436-ac96-4271-b863-1f4fdead95b0.json'Error: /Users/sftc/Documents/JacobZha/hobbys/CocosCode/BBTanByCocosCreator/NewProject/library/d1/d1346436-ac96-4271-b863-1f4fdead95b0.json: ENOENT: no such file or directory, open '/Users/sftc/Documents/JacobZha/hobbys/CocosCode/BBTanByCocosCreator/NewProject/library/d1/d1346436-ac96-4271-b863-1f4fdead95b0.json'
    at Object.openSync (fs.js:476:3)
    at Object.func [as openSync] (electron/js2c/asar_bundle.js:5:1846)
    at Object.readFileSync (fs.js:377:35)
    at Object.e.readFileSync (electron/js2c/asar_bundle.js:5:8872)
    at Object.readFileSync (/Applications/CocosCreator/Creator/3.5.2/CocosCreator.app/Contents/Resources/app.asar/node_modules/jsonfile/index.js:61:22)
    at Object.upgradeProperties (/Applications/CocosCreator/Creator/3.5.2/CocosCreator.app/Contents/Resources/app.asar/modules/engine-extensions/extensions/engine-extends/dist/importer/importers/utils/material-upgrader.ccc:1:1795)
    at runNextTicks (internal/process/task_queues.js:58:5)
    at processImmediate (internal/timers.js:434:9)
    at async MaterialImporter.import (/Applications/CocosCreator/Creator/3.5.2/CocosCreator.app/Contents/Resources/app.asar/modules/engine-extensions/extensions/engine-extends/dist/importer/importers/material.ccc:1:701)
    at async ImportTask.importAsset (/Applications/CocosCreator/Creator/3.5.2/CocosCreator.app/Contents/Resources/app.asar/node_modules/@editor/asset-db/libs/task.ccc:1:2311)
2022-08-15T03:48:59.559Z - error: [Asset DB] /Users/sftc/Documents/JacobZha/hobbys/CocosCode/BBTanByCocosCreator/NewProject/library/60/60f7195c-ec2a-45eb-ba94-8955f60e81d0.json: ENOENT: no such file or directory, open '/Users/sftc/Documents/JacobZha/hobbys/CocosCode/BBTanByCocosCreator/NewProject/library/60/60f7195c-ec2a-45eb-ba94-8955f60e81d0.json'Error: /Users/sftc/Documents/JacobZha/hobbys/CocosCode/BBTanByCocosCreator/NewProject/library/60/60f7195c-ec2a-45eb-ba94-8955f60e81d0.json: ENOENT: no such file or directory, open '/Users/sftc/Documents/JacobZha/hobbys/CocosCode/BBTanByCocosCreator/NewProject/library/60/60f7195c-ec2a-45eb-ba94-8955f60e81d0.json'
    at Object.openSync (fs.js:476:3)
    at Object.func [as openSync] (electron/js2c/asar_bundle.js:5:1846)
    at Object.readFileSync (fs.js:377:35)
    at Object.e.readFileSync (electron/js2c/asar_bundle.js:5:8872)
    at Object.readFileSync (/Applications/CocosCreator/Creator/3.5.2/CocosCreator.app/Contents/Resources/app.asar/node_modules/jsonfile/index.js:61:22)
    at Object.upgradeProperties (/Applications/CocosCreator/Creator/3.5.2/CocosCreator.app/Contents/Resources/app.asar/modules/engine-extensions/extensions/engine-extends/dist/importer/importers/utils/material-upgrader.ccc:1:1795)
    at runNextTicks (internal/process/task_queues.js:58:5)
    at processImmediate (internal/timers.js:434:9)
    at async MaterialImporter.import (/Applications/CocosCreator/Creator/3.5.2/CocosCreator.app/Contents/Resources/app.asar/modules/engine-extensions/extensions/engine-extends/dist/importer/importers/material.ccc:1:701)
    at async ImportTask.importAsset (/Applications/CocosCreator/Creator/3.5.2/CocosCreator.app/Contents/Resources/app.asar/node_modules/@editor/asset-db/libs/task.ccc:1:2311)
2022-08-15T03:48:59.561Z - error: [Asset DB] /Users/sftc/Documents/JacobZha/hobbys/CocosCode/BBTanByCocosCreator/NewProject/library/ec/ec8106fe-05bf-4e94-943c-e0d3b7bb5e45.json: ENOENT: no such file or directory, open '/Users/sftc/Documents/JacobZha/hobbys/CocosCode/BBTanByCocosCreator/NewProject/library/ec/ec8106fe-05bf-4e94-943c-e0d3b7bb5e45.json'Error: /Users/sftc/Documents/JacobZha/hobbys/CocosCode/BBTanByCocosCreator/NewProject/library/ec/ec8106fe-05bf-4e94-943c-e0d3b7bb5e45.json: ENOENT: no such file or directory, open '/Users/sftc/Documents/JacobZha/hobbys/CocosCode/BBTanByCocosCreator/NewProject/library/ec/ec8106fe-05bf-4e94-943c-e0d3b7bb5e45.json'
    at Object.openSync (fs.js:476:3)
    at Object.func [as openSync] (electron/js2c/asar_bundle.js:5:1846)
    at Object.readFileSync (fs.js:377:35)
    at Object.e.readFileSync (electron/js2c/asar_bundle.js:5:8872)
    at Object.readFileSync (/Applications/CocosCreator/Creator/3.5.2/CocosCreator.app/Contents/Resources/app.asar/node_modules/jsonfile/index.js:61:22)
    at Object.upgradeProperties (/Applications/CocosCreator/Creator/3.5.2/CocosCreator.app/Contents/Resources/app.asar/modules/engine-extensions/extensions/engine-extends/dist/importer/importers/utils/material-upgrader.ccc:1:1795)
    at runNextTicks (internal/process/task_queues.js:58:5)
    at processImmediate (internal/timers.js:434:9)
    at async MaterialImporter.import (/Applications/CocosCreator/Creator/3.5.2/CocosCreator.app/Contents/Resources/app.asar/modules/engine-extensions/extensions/engine-extends/dist/importer/importers/material.ccc:1:701)
    at async ImportTask.importAsset (/Applications/CocosCreator/Creator/3.5.2/CocosCreator.app/Contents/Resources/app.asar/node_modules/@editor/asset-db/libs/task.ccc:1:2311)
2022-08-15T03:48:59.673Z - error: [Asset DB] /Users/sftc/Documents/JacobZha/hobbys/CocosCode/BBTanByCocosCreator/NewProject/library/31/31b152ff-f689-4082-a292-3eb5a0b33014.json: ENOENT: no such file or directory, open '/Users/sftc/Documents/JacobZha/hobbys/CocosCode/BBTanByCocosCreator/NewProject/library/31/31b152ff-f689-4082-a292-3eb5a0b33014.json'Error: /Users/sftc/Documents/JacobZha/hobbys/CocosCode/BBTanByCocosCreator/NewProject/library/31/31b152ff-f689-4082-a292-3eb5a0b33014.json: ENOENT: no such file or directory, open '/Users/sftc/Documents/JacobZha/hobbys/CocosCode/BBTanByCocosCreator/NewProject/library/31/31b152ff-f689-4082-a292-3eb5a0b33014.json'
    at Object.openSync (fs.js:476:3)
    at Object.func [as openSync] (electron/js2c/asar_bundle.js:5:1846)
    at Object.readFileSync (fs.js:377:35)
    at Object.e.readFileSync (electron/js2c/asar_bundle.js:5:8872)
    at Object.readFileSync (/Applications/CocosCreator/Creator/3.5.2/CocosCreator.app/Contents/Resources/app.asar/node_modules/jsonfile/index.js:61:22)
    at Object.upgradeProperties (/Applications/CocosCreator/Creator/3.5.2/CocosCreator.app/Contents/Resources/app.asar/modules/engine-extensions/extensions/engine-extends/dist/importer/importers/utils/material-upgrader.ccc:1:1795)
    at async MaterialImporter.import (/Applications/CocosCreator/Creator/3.5.2/CocosCreator.app/Contents/Resources/app.asar/modules/engine-extensions/extensions/engine-extends/dist/importer/importers/material.ccc:1:701)
    at async ImportTask.importAsset (/Applications/CocosCreator/Creator/3.5.2/CocosCreator.app/Contents/Resources/app.asar/node_modules/@editor/asset-db/libs/task.ccc:1:2311)
    at async ImportTask.exec (/Applications/CocosCreator/Creator/3.5.2/CocosCreator.app/Contents/Resources/app.asar/node_modules/@editor/asset-db/libs/task.ccc:1:596)
    at async ParallelQueue._generate (/Applications/CocosCreator/Creator/3.5.2/CocosCreator.app/Contents/Resources/app.asar/node_modules/@editor/asset-db/libs/asset-db.ccc:1:2730)
2022-08-15T03:48:59.673Z - error: [Asset DB] /Users/sftc/Documents/JacobZha/hobbys/CocosCode/BBTanByCocosCreator/NewProject/library/5d/5d45aa00-e064-4938-b314-4265f0c2258c.json: ENOENT: no such file or directory, open '/Users/sftc/Documents/JacobZha/hobbys/CocosCode/BBTanByCocosCreator/NewProject/library/5d/5d45aa00-e064-4938-b314-4265f0c2258c.json'Error: /Users/sftc/Documents/JacobZha/hobbys/CocosCode/BBTanByCocosCreator/NewProject/library/5d/5d45aa00-e064-4938-b314-4265f0c2258c.json: ENOENT: no such file or directory, open '/Users/sftc/Documents/JacobZha/hobbys/CocosCode/BBTanByCocosCreator/NewProject/library/5d/5d45aa00-e064-4938-b314-4265f0c2258c.json'
    at Object.openSync (fs.js:476:3)
    at Object.func [as openSync] (electron/js2c/asar_bundle.js:5:1846)
    at Object.readFileSync (fs.js:377:35)
    at Object.e.readFileSync (electron/js2c/asar_bundle.js:5:8872)
    at Object.readFileSync (/Applications/CocosCreator/Creator/3.5.2/CocosCreator.app/Contents/Resources/app.asar/node_modules/jsonfile/index.js:61:22)
    at Object.upgradeProperties (/Applications/CocosCreator/Creator/3.5.2/CocosCreator.app/Contents/Resources/app.asar/modules/engine-extensions/extensions/engine-extends/dist/importer/importers/utils/material-upgrader.ccc:1:1795)
    at async MaterialImporter.import (/Applications/CocosCreator/Creator/3.5.2/CocosCreator.app/Contents/Resources/app.asar/modules/engine-extensions/extensions/engine-extends/dist/importer/importers/material.ccc:1:701)
    at async ImportTask.importAsset (/Applications/CocosCreator/Creator/3.5.2/CocosCreator.app/Contents/Resources/app.asar/node_modules/@editor/asset-db/libs/task.ccc:1:2311)
    at async ImportTask.exec (/Applications/CocosCreator/Creator/3.5.2/CocosCreator.app/Contents/Resources/app.asar/node_modules/@editor/asset-db/libs/task.ccc:1:596)
    at async ParallelQueue._generate (/Applications/CocosCreator/Creator/3.5.2/CocosCreator.app/Contents/Resources/app.asar/node_modules/@editor/asset-db/libs/asset-db.ccc:1:2730)
2022-08-15T03:49:00.093Z - warn: Metrics: no valid info
